Using pre-set license
Built from '2020.3/staging' branch; Version is '2020.3.11f1 (99c7afb366b3) revision 10078127'; Using compiler version '192528614'; Build Type 'Release'
OS: 'Windows 10 Pro; OS build 19042.804; Version 2009; 64bit' Language: 'en' Physical Memory: 32692 MB
BatchMode: 1, IsHumanControllingUs: 0, StartBugReporterOnCrash: 0, Is64bit: 1, IsPro: 0

 COMMAND LINE ARGUMENTS:
C:\Program Files\Unity\Hub\Editor\2020.3.11f1\Editor\Unity.exe
-adb2
-batchMode
-noUpm
-name
AssetImportWorker0
-projectPath
E:/Documents/Unity Projects/_Game Jams/Free Lives/2021/PhysicsGameJam2021/BazookaBot
-logFile
Logs/AssetImportWorker0.log
-srvPort
51331
Successfully changed project path to: E:/Documents/Unity Projects/_Game Jams/Free Lives/2021/PhysicsGameJam2021/BazookaBot
E:/Documents/Unity Projects/_Game Jams/Free Lives/2021/PhysicsGameJam2021/BazookaBot
Using Asset Import Pipeline V2.
Refreshing native plugins compatible for Editor in 46.93 ms, found 2 plugins.
Preloading 0 native plugins for Editor in 0.00 ms.
Initialize engine version: 2020.3.11f1 (99c7afb366b3)
[Subsystems] Discovering subsystems at path C:/Program Files/Unity/Hub/Editor/2020.3.11f1/Editor/Data/Resources/UnitySubsystems
[Subsystems] Discovering subsystems at path E:/Documents/Unity Projects/_Game Jams/Free Lives/2021/PhysicsGameJam2021/BazookaBot/Assets
GfxDevice: creating device client; threaded=0
d3d12: loaded!
Direct3D:
    Version:         Direct3D 12 [level 12.1]
    Renderer:        NVIDIA GeForce RTX 2080 (ID=0x1e87)
    Vendor:          
    VRAM:            8010 MB
    App VRAM Budget: 7242 MB
    Driver:          30.0.14.7141
d3d12: Profiler is enabled, but stable power state is not. GPU timing errors are expected.

Shader 'Universal Render Pipeline/Particles/Lit': fallback shader 'Universal Render Pipeline/Particles/SimpleLit' not found
Initialize mono
Mono path[0] = 'C:/Program Files/Unity/Hub/Editor/2020.3.11f1/Editor/Data/Managed'
Mono path[1] = 'C:/Program Files/Unity/Hub/Editor/2020.3.11f1/Editor/Data/MonoBleedingEdge/lib/mono/unityjit'
Mono config path = 'C:/Program Files/Unity/Hub/Editor/2020.3.11f1/Editor/Data/MonoBleedingEdge/etc'
Using monoOptions --debugger-agent=transport=dt_socket,embedding=1,server=y,suspend=n,address=127.0.0.1:56016
Begin MonoManager ReloadAssembly
Registering precompiled unity dll's ...
Register platform support module: C:/Program Files/Unity/Hub/Editor/2020.3.11f1/Editor/Data/PlaybackEngines/WebGLSupport/UnityEditor.WebGL.Extensions.dll
Register platform support module: C:/Program Files/Unity/Hub/Editor/2020.3.11f1/Editor/Data/PlaybackEngines/WindowsStandaloneSupport/UnityEditor.WindowsStandalone.Extensions.dll
Registered in 0.001802 seconds.
Native extension for WindowsStandalone target not found
Native extension for WebGL target not found
Refreshing native plugins compatible for Editor in 47.72 ms, found 2 plugins.
Preloading 0 native plugins for Editor in 0.00 ms.
Mono: successfully reloaded assembly
- Completed reload, in  1.604 seconds
Platform modules already initialized, skipping
Registering precompiled user dll's ...
Registered in 0.003190 seconds.
Begin MonoManager ReloadAssembly
Native extension for WindowsStandalone target not found
Native extension for WebGL target not found
Refreshing native plugins compatible for Editor in 51.31 ms, found 2 plugins.
Preloading 0 native plugins for Editor in 0.00 ms.
Mono: successfully reloaded assembly
- Completed reload, in  1.534 seconds
Platform modules already initialized, skipping
========================================================================
Worker process is ready to serve import requests
Shader 'Universal Render Pipeline/Particles/Lit': fallback shader 'Universal Render Pipeline/Particles/SimpleLit' not found
Launched and connected shader compiler UnityShaderCompiler.exe after 0.03 seconds
Refreshing native plugins compatible for Editor in 0.54 ms, found 2 plugins.
Preloading 0 native plugins for Editor in 0.00 ms.
Unloading 3574 Unused Serialized files (Serialized files now loaded: 0)
System memory in use before: 161.3 MB.
System memory in use after: 161.5 MB.

Unloading 20 unused Assets to reduce memory usage. Loaded Objects now: 4017.
Total: 3.022400 ms (FindLiveObjects: 0.328300 ms CreateObjectMapping: 0.132100 ms MarkObjects: 2.508800 ms  DeleteObjects: 0.052600 ms)

========================================================================
Received Import Request.
  path: Assets/Vedanth/Prefabs/OnScreenCanvas.prefab
  artifactKey: Guid(afce4e4c017a6a9408c752b68123b892) Importer(815301076,1909f56bfc062723c751e8b465ee728b)
Start importing Assets/Vedanth/Prefabs/OnScreenCanvas.prefab using Guid(afce4e4c017a6a9408c752b68123b892) Importer(815301076,1909f56bfc062723c751e8b465ee728b)  -> (artifact id: '64dabade7132b34826f47eb5b3c2e22c') in 0.052345 seconds
  Import took 0.057218 seconds .

========================================================================
Received Prepare
Registering precompiled user dll's ...
Registered in 0.003267 seconds.
Begin MonoManager ReloadAssembly
Native extension for WindowsStandalone target not found
Native extension for WebGL target not found
Refreshing native plugins compatible for Editor in 0.58 ms, found 2 plugins.
Preloading 0 native plugins for Editor in 0.00 ms.
Mono: successfully reloaded assembly
- Completed reload, in  1.068 seconds
Platform modules already initialized, skipping
Shader 'Universal Render Pipeline/Particles/Lit': fallback shader 'Universal Render Pipeline/Particles/SimpleLit' not found
Refreshing native plugins compatible for Editor in 0.54 ms, found 2 plugins.
Preloading 0 native plugins for Editor in 0.00 ms.
Unloading 3422 Unused Serialized files (Serialized files now loaded: 0)
System memory in use before: 149.9 MB.
System memory in use after: 150.1 MB.

Unloading 17 unused Assets to reduce memory usage. Loaded Objects now: 4020.
Total: 2.549100 ms (FindLiveObjects: 0.292300 ms CreateObjectMapping: 0.147400 ms MarkObjects: 2.061200 ms  DeleteObjects: 0.047600 ms)

========================================================================
Received Import Request.
  Time since last request: 171.348521 seconds.
  path: Assets/Malakai/Rocket_Launcher_bazooka.fbx
  artifactKey: Guid(5f25c65855690c342ae46dae2db5ef30) Importer(815301076,1909f56bfc062723c751e8b465ee728b)
Start importing Assets/Malakai/Rocket_Launcher_bazooka.fbx using Guid(5f25c65855690c342ae46dae2db5ef30) Importer(815301076,1909f56bfc062723c751e8b465ee728b)  -> (artifact id: 'b63c219f00b399efc6d1cb796549a34a') in 0.245287 seconds
  Import took 0.250132 seconds .

========================================================================
Received Import Request.
  Time since last request: 0.000232 seconds.
  path: Assets/Malakai/rocket_texture.png
  artifactKey: Guid(5d2c0b8f910b1c848bef3ef067cd13df) Importer(815301076,1909f56bfc062723c751e8b465ee728b)
Start importing Assets/Malakai/rocket_texture.png using Guid(5d2c0b8f910b1c848bef3ef067cd13df) Importer(815301076,1909f56bfc062723c751e8b465ee728b)  -> (artifact id: '0487018b361aac1f2da89b2dc64a5ef5') in 0.027620 seconds
  Import took 0.031668 seconds .

========================================================================
Received Import Request.
  Time since last request: 182.476212 seconds.
  path: Assets/Vedanth/Material/Bullet.mat
  artifactKey: Guid(e2ee2fb774d08844e9a4220c16d75227) Importer(815301076,1909f56bfc062723c751e8b465ee728b)
Start importing Assets/Vedanth/Material/Bullet.mat using Guid(e2ee2fb774d08844e9a4220c16d75227) Importer(815301076,1909f56bfc062723c751e8b465ee728b)  -> (artifact id: '6692fdb8869c5b33d43bd2d43630a587') in 0.043915 seconds
  Import took 0.048968 seconds .

========================================================================
Received Import Request.
  Time since last request: 0.001690 seconds.
  path: Assets/Vedanth/Material/Bullet.mat
  artifactKey: Guid(e2ee2fb774d08844e9a4220c16d75227) Importer(815301076,1909f56bfc062723c751e8b465ee728b)
Start importing Assets/Vedanth/Material/Bullet.mat using Guid(e2ee2fb774d08844e9a4220c16d75227) Importer(815301076,1909f56bfc062723c751e8b465ee728b)  -> (artifact id: '6692fdb8869c5b33d43bd2d43630a587') in 0.009815 seconds
  Import took 0.014480 seconds .

========================================================================
Received Import Request.
  Time since last request: 5.259841 seconds.
  path: Assets/Vedanth/Material/Rocket.mat
  artifactKey: Guid(ede509010f3a3af4bb4f881eb34b2b84) Importer(815301076,1909f56bfc062723c751e8b465ee728b)
Start importing Assets/Vedanth/Material/Rocket.mat using Guid(ede509010f3a3af4bb4f881eb34b2b84) Importer(815301076,1909f56bfc062723c751e8b465ee728b)  -> (artifact id: '26bf0a643a19fec9c2abe51776114cab') in 0.013906 seconds
  Import took 0.019022 seconds .

========================================================================
Received Import Request.
  Time since last request: 29.079697 seconds.
  path: Assets/Vedanth/Material/Rocket.mat
  artifactKey: Guid(ede509010f3a3af4bb4f881eb34b2b84) Importer(815301076,1909f56bfc062723c751e8b465ee728b)
Start importing Assets/Vedanth/Material/Rocket.mat using Guid(ede509010f3a3af4bb4f881eb34b2b84) Importer(815301076,1909f56bfc062723c751e8b465ee728b)  -> (artifact id: '9a2c495a0d3ea41e09c3dee2b80657f5') in 0.012664 seconds
  Import took 0.017371 seconds .

========================================================================
Received Import Request.
  Time since last request: 158.904687 seconds.
  path: Assets/Vedanth/Fbx/MC/Take 001.anim
  artifactKey: Guid(b6638f36b19adfb4bbbd2cfd90629d6e) Importer(815301076,1909f56bfc062723c751e8b465ee728b)
Start importing Assets/Vedanth/Fbx/MC/Take 001.anim using Guid(b6638f36b19adfb4bbbd2cfd90629d6e) Importer(815301076,1909f56bfc062723c751e8b465ee728b)  -> (artifact id: '00a86bcb964febc1ad5b5705b0ccc7c4') in 0.008415 seconds
  Import took 0.013511 seconds .

========================================================================
Received Import Request.
  Time since last request: 0.000593 seconds.
  path: Assets/Vedanth/Fbx/MC/Take 001.anim
  artifactKey: Guid(b6638f36b19adfb4bbbd2cfd90629d6e) Importer(815301076,1909f56bfc062723c751e8b465ee728b)
Start importing Assets/Vedanth/Fbx/MC/Take 001.anim using Guid(b6638f36b19adfb4bbbd2cfd90629d6e) Importer(815301076,1909f56bfc062723c751e8b465ee728b)  -> (artifact id: '00a86bcb964febc1ad5b5705b0ccc7c4') in 0.004631 seconds
  Import took 0.009427 seconds .

========================================================================
Received Import Request.
  Time since last request: 5.791176 seconds.
  path: Assets/Vedanth/Fbx/MC/IdleGun.anim
  artifactKey: Guid(b6638f36b19adfb4bbbd2cfd90629d6e) Importer(815301076,1909f56bfc062723c751e8b465ee728b)
Start importing Assets/Vedanth/Fbx/MC/IdleGun.anim using Guid(b6638f36b19adfb4bbbd2cfd90629d6e) Importer(815301076,1909f56bfc062723c751e8b465ee728b)  -> (artifact id: 'e6cb61c595d8a9a40079e614d9dd1d7b') in 0.008885 seconds
  Import took 0.013641 seconds .

========================================================================
Received Import Request.
  Time since last request: 2.518591 seconds.
  path: Assets/Vedanth/Fbx/MC/IdleGun.anim
  artifactKey: Guid(b6638f36b19adfb4bbbd2cfd90629d6e) Importer(815301076,1909f56bfc062723c751e8b465ee728b)
Start importing Assets/Vedanth/Fbx/MC/IdleGun.anim using Guid(b6638f36b19adfb4bbbd2cfd90629d6e) Importer(815301076,1909f56bfc062723c751e8b465ee728b)  -> (artifact id: '7a5e15630838442a4d25cac14b7eea59') in 0.004235 seconds
  Import took 0.009149 seconds .

AssetImportWorkerClient::OnTransportError - code=2 error=End of file
